\BOOKMARK [0][-]{section*.1}{List of Figures}{}% 1
\BOOKMARK [0][-]{section*.2}{List of Tables}{}% 2
\BOOKMARK [0][-]{chapter*.3}{List of Algorithms}{}% 3
\BOOKMARK [1][-]{section*.4}{Acronyms}{chapter*.3}% 4
\BOOKMARK [0][-]{section*.5}{List of Acronyms}{}% 5
\BOOKMARK [0][-]{chapter.1}{Background}{}% 6
\BOOKMARK [1][-]{section.1.1}{SDN}{chapter.1}% 7
\BOOKMARK [2][-]{subsection.1.1.1}{Some history}{section.1.1}% 8
\BOOKMARK [2][-]{subsection.1.1.2}{Virtualize everything}{section.1.1}% 9
\BOOKMARK [1][-]{section.1.2}{The layering of SDN}{chapter.1}% 10
\BOOKMARK [2][-]{subsection.1.2.1}{Network controller}{section.1.2}% 11
\BOOKMARK [2][-]{subsection.1.2.2}{Network Operating System}{section.1.2}% 12
\BOOKMARK [2][-]{subsection.1.2.3}{Southbound interface}{section.1.2}% 13
\BOOKMARK [2][-]{subsection.1.2.4}{OpenFlow}{section.1.2}% 14
\BOOKMARK [2][-]{subsection.1.2.5}{Northbound interface}{section.1.2}% 15
\BOOKMARK [1][-]{section.1.3}{Military networks}{chapter.1}% 16
\BOOKMARK [2][-]{subsection.1.3.1}{General characteristics and requirements}{section.1.3}% 17
\BOOKMARK [2][-]{subsection.1.3.2}{Specific examples}{section.1.3}% 18
\BOOKMARK [0][-]{chapter.2}{Discussion}{}% 19
\BOOKMARK [1][-]{section.2.1}{}{chapter.2}% 20
\BOOKMARK [0][-]{chapter.3}{Results}{}% 21
\BOOKMARK [0][-]{chapter.4}{Conclusion}{}% 22
\BOOKMARK [0][-]{section*.9}{References}{}% 23
